0 info it worked if it ends with ok
1 verbose cli [ 'C:\\Program Files\\nodejs\\\\node.exe',
1 verbose cli   'C:\\Program Files\\nodejs\\node_modules\\npm\\bin\\npm-cli.js',
1 verbose cli   'publish' ]
2 info using npm@1.2.10
3 info using node@v0.8.19
4 verbose node symlink C:\Program Files\nodejs\\node.exe
5 verbose publish [ '.' ]
6 verbose read json C:\home\projects\node-restserver-skeleton\package.json
7 verbose cache add [ '.', null ]
8 verbose cache add name=undefined spec="." args=[".",null]
9 verbose parsed url { pathname: '.', path: '.', href: '.' }
10 silly lockFile 3a52ce78- .
11 verbose lock . C:\Users\asiebert\AppData\Roaming\npm-cache\3a52ce78-.lock
12 verbose read json package.json
13 silly lockFile 3a52ce78- .
14 silly lockFile 3a52ce78- .
15 error addLocal Could not install .
16 error Error: ENOENT, open 'C:\home\projects\node-restserver-skeleton\package.json'
17 error If you need help, you may report this log at:
17 error     <http://github.com/isaacs/npm/issues>
17 error or email it to:
17 error     <npm-@googlegroups.com>
18 error System Windows_NT 6.1.7601
19 error command "C:\\Program Files\\nodejs\\\\node.exe" "C:\\Program Files\\nodejs\\node_modules\\npm\\bin\\npm-cli.js" "publish"
20 error cwd C:\home\projects\node-restserver-skeleton
21 error node -v v0.8.19
22 error npm -v 1.2.10
23 error path C:\home\projects\node-restserver-skeleton\package.json
24 error code ENOENT
25 error errno 34
26 verbose exit [ 34, true ]
